[main] INFO  com.experian.CertAutoSIgn  - Carga system.properties [OK]
[main] INFO  com.experian.Certificado  - llave publica: Sun RSA public key, 2048 bits
  modulus: 21332130269042876618118716688005573385356740489734655442035049164381579709651059249374044937058937446147058076518543411127675953938304657105843047408219599547099071223517978013071492623521678691160185110859571069678799855927112700149396093163583956887284987264657172420990983828846115945751165646524141199486489917541908167612993003197347639169228291945471290681914317437962564086688860018165952427531232359110595616632302033825841889152817585744472027019834052822585390004074513513655129281235310852022929324746910581091393969119552358690930435726932717955247129842717980557547208795853422655652529670482362895453023
  public exponent: 65537
[main] INFO  com.experian.Certificado  - llave privada: sun.security.rsa.RSAPrivateCrtKeyImpl@ffe00536
[main] INFO  com.experian.Certificado  - creacion certificado X509 [OK]
[main] INFO  com.experian.Certificado  - keystore [CREADO]
[main] INFO  com.experian.CertAutoSIgn  - Carga system.properties [OK]
[main] INFO  com.experian.Certificado  - llave publica: Sun RSA public key, 2048 bits
  modulus: 31402557295655024126769861288633580696886147057389685671708459996262252933822826076816231598113210421688045355708294361667990565515892355287031367471399273800200143561075048701063244733799903185248673866552648703048750582836566410544277135234422475303884126997535813628625837516505908832564725452596103927924071951721143090845653712284463869604690288625852750699865795907578438245127626043226024521842040110200769090161081713094130676407283063884533800919494895069839052249888011410920561708329307823520704830439501889876299299457206991498095261330129049348881968677817524005463152249823388682285070612423869253888189
  public exponent: 65537
[main] INFO  com.experian.Certificado  - llave privada: sun.security.rsa.RSAPrivateCrtKeyImpl@79eb6
[main] INFO  com.experian.Certificado  - creacion certificado X509 [OK]
[main] INFO  com.experian.Certificado  - keystore [CREADO]
[main] INFO  com.experian.Certificado  - llave publica: Sun RSA public key, 2048 bits
  modulus: 24942682452241315979876068009184666284866464048907254713743997301919113597529559772575742347218934861751369912057465520412942674028893804323652288303521553796428703930393736116168393795017234312319723144877208707125745403418388085735506471321443009185393071923033713709604834129578880593093292883793457770470275179287936049184125025861150168107000350420259955353731488508626257535708589632153059660147895146497208407786175734024596550149539055988297673208576077231827100238892091691476786218584796142661456190706985232831587629205874018714300673536027952082952953488052257387067550270027528302524903443457134361354061
  public exponent: 65537
[main] INFO  com.experian.Certificado  - llave privada: sun.security.rsa.RSAPrivateCrtKeyImpl@ffd065ff
[main] INFO  com.experian.Certificado  - creacion certificado X509 [OK]
[main] INFO  com.experian.Certificado  - nuevo certificado creado en path [ok]
[main] INFO  com.experian.CertAutoSIgn  - Carga system.properties [OK]
[main] INFO  com.experian.Certificado  - llave publica: Sun RSA public key, 2048 bits
  modulus: 18183727756637250760514612781411182257258506131635483058360156226757211322417920526366480135137691104566407622486626255170382084504714116726702659199696734794284439845865501794699200665558338504498338314470340751006324033557705758613187252597756072867416043369966819416944897051870820845125921932052918670518747750586188569417838383033848057151802191655119793276272396735873146194955491963559344169764602074759205101331342612432190000157329120876924451406564360435670848895287521489156320790069816010098636304171009132016256497661027509749756768601936085509299820581285836211571045869794208131557994765009321426237317
  public exponent: 65537
[main] INFO  com.experian.Certificado  - llave privada: sun.security.rsa.RSAPrivateCrtKeyImpl@ffd14ff1
[main] INFO  com.experian.Certificado  - creacion certificado X509 [OK]
[main] INFO  com.experian.Certificado  - keystore [CREADO]
[main] INFO  com.experian.Certificado  - llave publica: Sun RSA public key, 2048 bits
  modulus: 22357380639541269578815108455797756169111094501391134044730926474744605728391319057088994141413642404922036338376764865282605563137344255998359323003524503167377354699901698901892955518858020500687679263304901843731656314554409388003802689157272544559249575093234568585220350861046179165219306796501428001453395764780498907517396269729382156502893343417578439866000076594632437447348146612450193677876124492012251675618479706548260434583808046977768537186899835480634526504826191361251872778553686250842975712731160689310487779442684922387128252302599496227425390353313947913133461097422027858691596390022744044680009
  public exponent: 65537
[main] INFO  com.experian.Certificado  - llave privada: sun.security.rsa.RSAPrivateCrtKeyImpl@1021c3
[main] INFO  com.experian.Certificado  - creacion certificado X509 [OK]
[main] INFO  com.experian.Certificado  - nuevo certificado creado en path [ok]
[main] INFO  com.experian.CertAutoSIgn  - Carga system.properties [OK]
[main] INFO  com.experian.Certificado  - llave publica: Sun RSA public key, 2048 bits
  modulus: 17284143348868106405697360651449058250739576479346342246065955340341262410463717371357653370139455156811521679780630717217558430093511770197018328504959762745177361749584460111532701994936375600683768967392833402340783830266626366848704796747166481955410457393757908130678677377085697905128798697180292564562773664261930991763239520445364130387110157494950429981364684208821337492364461073588017759045460086461462940596288644038786516690533650509102536622640107217176810277797733991128216930037035025507137561484370701247684107755837365219362658709110558082058279758404202850165439748899195839990734603443009142126281
  public exponent: 65537
[main] INFO  com.experian.Certificado  - llave privada: sun.security.rsa.RSAPrivateCrtKeyImpl@988f4
[main] INFO  com.experian.Certificado  - creacion certificado X509 [OK]
[main] INFO  com.experian.Certificado  - keystore [CREADO]
[main] INFO  com.experian.Certificado  - llave publica: Sun RSA public key, 2048 bits
  modulus: 23395536317721990805403309364136608706126276819462787165914117979802942428770249306360109977733421516279473640014427200369701816752357386208677576320949040835250013381923986089340552281346183431198229703228193754458539918425866937446755068400461555215752580554130294472069469054075033772067048368466098535245516742118716369027707470489382174887810912632593697408126763262102632536041158807562832841228695501935568310739796391729877526391734355903741874834780714645777849356306255343426385395239822081814299918287781183848017852613064493655378553401638944398331528353035989153797117826977098972739389488729090217695359
  public exponent: 65537
[main] INFO  com.experian.Certificado  - llave privada: sun.security.rsa.RSAPrivateCrtKeyImpl@2478f
[main] INFO  com.experian.Certificado  - creacion certificado X509 [OK]
[main] INFO  com.experian.Certificado  - nuevo certificado creado en path [ok]
[main] INFO  com.experian.CertAutoSIgn  - Carga system.properties [OK]
[main] INFO  com.experian.Certificado  - llave publica: Sun RSA public key, 2048 bits
  modulus: 19790861217632955455661338169337027469148424966014945492396214630953337161875471649267016922396523243392880877830536721691850075668027794915020120935185285967567393383212298226790211321552947674270917958900150733172561625993797781875130233412691987129535594699790466295822825745990707882317767359778484939296374435655517087080307831736558407870229223277139066735688893991992726728822436797827948962771730455725717049827851798983082008346887296063060743280723011660493031841430088727783797993271991092196357310849637362947295330495068311332441422309614032015306769984451577011472414865957120316045221548188964545167229
  public exponent: 65537
[main] INFO  com.experian.Certificado  - llave privada: sun.security.rsa.RSAPrivateCrtKeyImpl@ffebc529
[main] INFO  com.experian.Certificado  - creacion certificado X509 [OK]
[main] INFO  com.experian.Certificado  - keystore [CREADO]
[main] INFO  com.experian.Certificado  - llave publica: Sun RSA public key, 2048 bits
  modulus: 16605392296241886892380321029002547751125178725271315056495415386630911413042744743180566396513297209867126919605505272113223521222020808367267993706828389178730495091836288092227616048609710835633511974011847495717283940879876019692226066201093087754698709787094314381783092811312909691839811798238880157910954108655799998513496146335404321467661941586623131938352643334168910666084068558761448596754031536067132805341365702284288896666034385805667082938922041992358181221961510990974999117979310302293717009215275661606103421937178121549074892631010465667228986395701883344765478456383720829983439592534885267744503
  public exponent: 65537
[main] INFO  com.experian.Certificado  - llave privada: sun.security.rsa.RSAPrivateCrtKeyImpl@12380
[main] INFO  com.experian.Certificado  - creacion certificado X509 [OK]
[main] INFO  com.experian.Certificado  - nuevo certificado creado en path [ok]
[main] INFO  com.experian.CertAutoSIgn  - Carga system.properties [OK]
[main] INFO  com.experian.Certificado  - nuevo certificado creado en path [OK]
[main] INFO  com.experian.CertAutoSIgn  - Carga system.properties [OK]
[main] INFO  com.experian.StrongBox  - nuevo certificado creado en path [OK]
[main] INFO  com.experian.StrongBox  - Keystore cargado [OK]
[main] INFO  com.experian.StrongBox  - ruta certificado a abrir: C:\Users\e10934a\Documents\NetBeansProjects\CertAutoSIgn\output\certificado.crt
[main] INFO  com.experian.StrongBox  - Cantidad de certificado: 1
[main] INFO  com.experian.StrongBox  - El numero de alias es : 1
[main] INFO  com.experian.StrongBox  - Nombre alias: das-jsf-tls-20190222154823
[main] ERROR com.experian.StrongBox  - Error con el KeyStore
java.security.KeyStoreException: Cannot store non-PrivateKeys
	at sun.security.provider.JavaKeyStore.engineSetKeyEntry(JavaKeyStore.java:261)
	at sun.security.provider.JavaKeyStore$JKS.engineSetKeyEntry(JavaKeyStore.java:56)
	at sun.security.provider.KeyStoreDelegator.engineSetKeyEntry(KeyStoreDelegator.java:117)
	at sun.security.provider.JavaKeyStore$DualFormatJKS.engineSetKeyEntry(JavaKeyStore.java:70)
	at java.security.KeyStore.setKeyEntry(KeyStore.java:1140)
	at com.experian.StrongBox.setKeystore2(StrongBox.java:288)
	at com.experian.CertAutoSIgn.main(CertAutoSIgn.java:81)
[main] INFO  com.experian.CertAutoSIgn  - Carga system.properties [OK]
[main] INFO  com.experian.StrongBox  - nuevo certificado creado en path [OK]
[main] INFO  com.experian.StrongBox  - Keystore cargado [OK]
[main] INFO  com.experian.StrongBox  - ruta certificado a abrir: C:\Users\e10934a\Documents\NetBeansProjects\CertAutoSIgn\output\certificado.crt
[main] INFO  com.experian.StrongBox  - Cantidad de certificado: 1
[main] INFO  com.experian.StrongBox  - El numero de alias es : 1
[main] INFO  com.experian.StrongBox  - Nombre alias: das-jsf-tls-20190222154823
[main] INFO  com.experian.CertAutoSIgn  - Carga system.properties [OK]
[main] INFO  com.experian.StrongBox  - nuevo certificado creado en path [OK]
[main] INFO  com.experian.StrongBox  - Keystore cargado [OK]
[main] INFO  com.experian.StrongBox  - ruta certificado a abrir: C:\Users\e10934a\Documents\NetBeansProjects\CertAutoSIgn\output\certificado.crt
[main] INFO  com.experian.StrongBox  - Cantidad de certificado: 1
[main] INFO  com.experian.StrongBox  - El numero de alias es : 1
[main] INFO  com.experian.StrongBox  - Nombre alias: das-jsf-tls-20190222154823
[main] INFO  com.experian.StrongBox  - [Borrado exitoso] das-jsf-tls-20190222154823
[main] ERROR com.experian.StrongBox  - Error con el KeyStore
java.security.KeyStoreException: Cannot store non-PrivateKeys
	at sun.security.provider.JavaKeyStore.engineSetKeyEntry(JavaKeyStore.java:261)
	at sun.security.provider.JavaKeyStore$JKS.engineSetKeyEntry(JavaKeyStore.java:56)
	at sun.security.provider.KeyStoreDelegator.engineSetKeyEntry(KeyStoreDelegator.java:117)
	at sun.security.provider.JavaKeyStore$DualFormatJKS.engineSetKeyEntry(JavaKeyStore.java:70)
	at java.security.KeyStore.setKeyEntry(KeyStore.java:1140)
	at com.experian.StrongBox.setKeystore2(StrongBox.java:288)
	at com.experian.CertAutoSIgn.main(CertAutoSIgn.java:88)
[main] INFO  com.experian.CertAutoSIgn  - Carga system.properties [OK]
[main] INFO  com.experian.StrongBox  - nuevo certificado creado en path [OK]
[main] INFO  com.experian.StrongBox  - Keystore cargado [OK]
[main] INFO  com.experian.StrongBox  - ruta certificado a abrir: C:\Users\e10934a\Documents\NetBeansProjects\CertAutoSIgn\output\certificado.crt
[main] INFO  com.experian.StrongBox  - Cantidad de certificado: 1
[main] INFO  com.experian.StrongBox  - El numero de alias es : 1
[main] INFO  com.experian.StrongBox  - Nombre alias: das-jsf-tls-20190222154823
[main] INFO  com.experian.StrongBox  - [Borrado exitoso] das-jsf-tls-20190222154823
[main] INFO  com.experian.CertAutoSIgn  - Carga system.properties [OK]
[main] INFO  com.experian.StrongBox  - nuevo certificado creado en path [OK]
[main] INFO  com.experian.StrongBox  - Keystore cargado [OK]
[main] INFO  com.experian.StrongBox  - ruta certificado a abrir: C:\Users\e10934a\Documents\NetBeansProjects\CertAutoSIgn\output\certificado.crt
[main] INFO  com.experian.StrongBox  - Cantidad de certificado: 1
[main] INFO  com.experian.StrongBox  - El numero de alias es : 1
[main] INFO  com.experian.StrongBox  - Nombre alias: das-jsf-tls-20190222154823
[main] INFO  com.experian.StrongBox  - [Borrado exitoso] das-jsf-tls-20190222154823
[main] INFO  com.experian.CertAutoSIgn  - Carga system.properties [OK]
[main] INFO  com.experian.StrongBox  - nuevo certificado creado en path [OK]
[main] INFO  com.experian.StrongBox  - Keystore cargado [OK]
[main] INFO  com.experian.StrongBox  - ruta certificado a abrir: C:\Users\e10934a\Documents\NetBeansProjects\CertAutoSIgn\output\certificado.crt
[main] INFO  com.experian.StrongBox  - Cantidad de certificado: 1
[main] INFO  com.experian.StrongBox  - El numero de alias es : 1
[main] INFO  com.experian.StrongBox  - Nombre alias: das-jsf-tls-20190222154823
[main] INFO  com.experian.StrongBox  - [Borrado exitoso] das-jsf-tls-20190222154823
[main] INFO  com.experian.CertAutoSIgn  - Carga system.properties [OK]
[main] INFO  com.experian.StrongBox  - Keystore cargado [OK]
[main] INFO  com.experian.StrongBox  - El numero de alias es : 1
[main] INFO  com.experian.StrongBox  - Nombre alias: das-jsf-tls-20190222154823
[main] INFO  com.experian.CertAutoSIgn  - Carga system.properties [OK]
[main] INFO  com.experian.StrongBox  - Keystore cargado [OK]
[main] INFO  com.experian.StrongBox  - El numero de alias es : 1
[main] INFO  com.experian.StrongBox  - Nombre alias: das-jsf-tls-20190222154823
[main] INFO  com.experian.StrongBox  - [Borrado exitoso] das-jsf-tls-20190222154823
[main] INFO  com.experian.CertAutoSIgn  - Carga system.properties [OK]
[main] INFO  com.experian.StrongBox  - Keystore cargado [OK]
[main] INFO  com.experian.StrongBox  - El numero de alias es : 1
[main] INFO  com.experian.StrongBox  - Nombre alias: das-jsf-tls-20190222154823
[main] INFO  com.experian.StrongBox  - [Borrado exitoso] das-jsf-tls-20190222154823
[main] INFO  com.experian.StrongBox  - Recuperar entrada Keystore Private key entry and certificate chain with 1 elements:
[
[
  Version: V3
  Subject: CN=msedgewin10, O=Experian, OU=Experian, L=CABA, ST=CABA, C=AR
  Signature Algorithm: SHA256withRSA, OID = 1.2.840.113549.1.1.11

  Key:  Sun RSA public key, 2048 bits
  modulus: 26069648317281852589075557361758670875951462975851766041630389885348483660126525753429942195224287376115331137365931051186585464201323037935565117607704865969821189695967441246794286456217753240284659035646849189588676813706888867718328363521799436467373848324263877684096149636239393403972197507127526545031761263589415366977637819677535919605856723948086894335038029919894776193318360148299284915453569667908788004276959370361551019207494796134785648326759160493057457649847072541305947889157949380725987734230053744464670195705993262872912979949674645813037841032935187047143019028498502187879367649484384151341623
  public exponent: 65537
  Validity: [From: Wed Apr 29 18:11:05 ART 2020,
               To: Thu Apr 29 18:11:05 ART 2021]
  Issuer: CN=msedgewin10, O=Experian, OU=Experian, L=CABA, ST=CABA, C=AR
  SerialNumber: [    4491fabe]

]
  Algorithm: [SHA256withRSA]
  Signature:
0000: 0F 04 84 2C 99 9D BE 79   9F 3E 01 43 8C 40 55 D5  ...,...y.>.C.@U.
0010: B2 0A 7A DB 70 34 9B 2D   BE 29 CE ED 7E 11 E0 78  ..z.p4.-.).....x
0020: C1 5B 3F D3 5B B4 77 BD   79 0C 62 74 F7 E3 0A 35  .[?.[.w.y.bt...5
0030: 97 82 C4 2B 1C 26 33 47   4A 01 FA 43 F5 29 2C 21  ...+.&3GJ..C.),!
0040: 25 B6 D6 FF 4C A8 E1 20   AB AB 94 10 32 45 3C 09  %...L.. ....2E<.
0050: 25 16 FC 66 14 E2 4D EC   B0 FB 44 B2 F6 BF A2 7E  %..f..M...D.....
0060: 79 F6 DC 7C 8C 37 93 4F   D4 D4 EC E2 CE 4A 7A C9  y....7.O.....Jz.
0070: D0 9F AD 0F 41 C0 2D 11   C3 6E 94 63 7E 59 A6 F6  ....A.-..n.c.Y..
0080: D1 BC A7 EB 89 24 B0 75   88 89 12 D0 42 7F 2A 53  .....$.u....B.*S
0090: 17 24 89 AA A1 46 04 F9   D4 4B C5 94 62 39 1E A4  .$...F...K..b9..
00A0: DD 73 AE C0 7C 34 E7 44   01 DD C3 36 F3 81 50 43  .s...4.D...6..PC
00B0: 4E D5 EB 9D 8E C9 29 99   B9 15 99 4C 2E D4 1E CA  N.....)....L....
00C0: 15 7A C3 89 17 B8 CD CA   D9 F4 BD 64 C0 01 90 38  .z.........d...8
00D0: 97 0B 21 5D 61 08 FA 34   E6 8A BC 99 C2 20 9C AD  ..!]a..4..... ..
00E0: 19 25 C0 05 B0 56 A8 C1   47 50 F3 5C 47 12 76 C7  .%...V..GP.\G.v.
00F0: D0 58 4C 65 B5 CF E4 D1   29 3C 28 07 93 08 2A B2  .XLe....)<(...*.

]
 [OK]
[main] INFO  com.experian.StrongBox  - Cargar das-jsf-tls-20190222154823Private key entry and certificate chain with 1 elements:
[
[
  Version: V3
  Subject: CN=msedgewin10, O=Experian, OU=Experian, L=CABA, ST=CABA, C=AR
  Signature Algorithm: SHA256withRSA, OID = 1.2.840.113549.1.1.11

  Key:  Sun RSA public key, 2048 bits
  modulus: 26069648317281852589075557361758670875951462975851766041630389885348483660126525753429942195224287376115331137365931051186585464201323037935565117607704865969821189695967441246794286456217753240284659035646849189588676813706888867718328363521799436467373848324263877684096149636239393403972197507127526545031761263589415366977637819677535919605856723948086894335038029919894776193318360148299284915453569667908788004276959370361551019207494796134785648326759160493057457649847072541305947889157949380725987734230053744464670195705993262872912979949674645813037841032935187047143019028498502187879367649484384151341623
  public exponent: 65537
  Validity: [From: Wed Apr 29 18:11:05 ART 2020,
               To: Thu Apr 29 18:11:05 ART 2021]
  Issuer: CN=msedgewin10, O=Experian, OU=Experian, L=CABA, ST=CABA, C=AR
  SerialNumber: [    4491fabe]

]
  Algorithm: [SHA256withRSA]
  Signature:
0000: 0F 04 84 2C 99 9D BE 79   9F 3E 01 43 8C 40 55 D5  ...,...y.>.C.@U.
0010: B2 0A 7A DB 70 34 9B 2D   BE 29 CE ED 7E 11 E0 78  ..z.p4.-.).....x
0020: C1 5B 3F D3 5B B4 77 BD   79 0C 62 74 F7 E3 0A 35  .[?.[.w.y.bt...5
0030: 97 82 C4 2B 1C 26 33 47   4A 01 FA 43 F5 29 2C 21  ...+.&3GJ..C.),!
0040: 25 B6 D6 FF 4C A8 E1 20   AB AB 94 10 32 45 3C 09  %...L.. ....2E<.
0050: 25 16 FC 66 14 E2 4D EC   B0 FB 44 B2 F6 BF A2 7E  %..f..M...D.....
0060: 79 F6 DC 7C 8C 37 93 4F   D4 D4 EC E2 CE 4A 7A C9  y....7.O.....Jz.
0070: D0 9F AD 0F 41 C0 2D 11   C3 6E 94 63 7E 59 A6 F6  ....A.-..n.c.Y..
0080: D1 BC A7 EB 89 24 B0 75   88 89 12 D0 42 7F 2A 53  .....$.u....B.*S
0090: 17 24 89 AA A1 46 04 F9   D4 4B C5 94 62 39 1E A4  .$...F...K..b9..
00A0: DD 73 AE C0 7C 34 E7 44   01 DD C3 36 F3 81 50 43  .s...4.D...6..PC
00B0: 4E D5 EB 9D 8E C9 29 99   B9 15 99 4C 2E D4 1E CA  N.....)....L....
00C0: 15 7A C3 89 17 B8 CD CA   D9 F4 BD 64 C0 01 90 38  .z.........d...8
00D0: 97 0B 21 5D 61 08 FA 34   E6 8A BC 99 C2 20 9C AD  ..!]a..4..... ..
00E0: 19 25 C0 05 B0 56 A8 C1   47 50 F3 5C 47 12 76 C7  .%...V..GP.\G.v.
00F0: D0 58 4C 65 B5 CF E4 D1   29 3C 28 07 93 08 2A B2  .XLe....)<(...*.

]
[OK]
[main] INFO  com.experian.CertAutoSIgn  - Carga system.properties [OK]
[main] INFO  com.experian.StrongBox  - Keystore cargado [OK]
[main] INFO  com.experian.StrongBox  - El numero de alias es : 1
[main] INFO  com.experian.StrongBox  - Nombre alias: das-jsf-tls-20190222154823
[main] INFO  com.experian.StrongBox  - [Borrado exitoso] das-jsf-tls-20190222154823
[main] INFO  com.experian.StrongBox  - Recuperar entrada Keystore Private key entry and certificate chain with 1 elements:
[
[
  Version: V3
  Subject: CN=msedgewin10, O=Experian, OU=Experian, L=CABA, ST=CABA, C=AR
  Signature Algorithm: SHA256withRSA, OID = 1.2.840.113549.1.1.11

  Key:  Sun RSA public key, 2048 bits
  modulus: 25548850749590176989363226534286320727561319246561017510127334120983434881019452458825328492148326127674358212785270983006500932445839396159663753787578294413695225200668628565149034729020454757382389196757613445950889032731757528418028023642846245382592878197306831915639253498377411108487583336730751713248480977942734436002581113357826078016628769376534270531515127849469766525297873252078113761540986063783399440184005864596802159793382314429603580252510894123341133579496012907555190879618000018756655597973254129835113768954725001462658081973015378602177846688630194288017908185183872781643882465816311042814659
  public exponent: 65537
  Validity: [From: Wed Apr 29 18:19:00 ART 2020,
               To: Thu Apr 29 18:19:00 ART 2021]
  Issuer: CN=msedgewin10, O=Experian, OU=Experian, L=CABA, ST=CABA, C=AR
  SerialNumber: [    5829e513]

]
  Algorithm: [SHA256withRSA]
  Signature:
0000: 86 0A 08 23 64 33 4A E1   14 57 3C C4 E0 9B A4 B3  ...#d3J..W<.....
0010: 8F 3D 56 E2 76 DD 59 96   15 93 4B 86 69 42 BE 7E  .=V.v.Y...K.iB..
0020: 89 1A 0E 8A 34 4D FF 69   F3 84 32 4F 13 11 75 33  ....4M.i..2O..u3
0030: 5B 97 C2 87 33 80 CF 1A   15 0B DD 94 61 A2 6E D6  [...3.......a.n.
0040: FA EA A8 A3 A4 4C 9C 67   73 48 00 04 E3 9C 44 36  .....L.gsH....D6
0050: 59 2A FE EC EF BA C1 CE   EB DE 9D 44 49 11 D8 70  Y*.........DI..p
0060: D0 72 5E B3 4C 9E A8 D4   4C 4C 4D 44 08 E1 B9 32  .r^.L...LLMD...2
0070: 26 EE 2E 80 C1 91 90 0F   66 D1 3E 44 ED B4 96 33  &.......f.>D...3
0080: CF 32 CD 77 26 22 85 FD   52 9B 7E 49 2B 61 4D 10  .2.w&"..R..I+aM.
0090: 37 A1 8C E7 DF D8 7E 9C   ED 2E B2 51 73 F7 24 C8  7..........Qs.$.
00A0: BD 94 3A EE 3F 9C EE 97   4F B1 1F 5C 3F 71 1B 6C  ..:.?...O..\?q.l
00B0: A7 D4 95 CA 59 1A 42 3E   12 8A 34 84 D8 9D B5 6E  ....Y.B>..4....n
00C0: 41 E7 D4 38 AB C3 83 5A   FD 96 CF 74 D7 99 CD F7  A..8...Z...t....
00D0: 5F 01 0C B9 4A 6A 3C A6   AF 09 84 4B 9F C2 E5 13  _...Jj<....K....
00E0: 21 FC E0 C5 EA 48 B6 DA   B8 CE 2C FA B6 A9 BF D4  !....H....,.....
00F0: E2 DC 23 F3 69 E9 41 2A   6A 66 28 A6 53 84 5A 91  ..#.i.A*jf(.S.Z.

]
 [OK]
[main] INFO  com.experian.StrongBox  - Cargar das-jsf-tls-20190222154823Private key entry and certificate chain with 1 elements:
[
[
  Version: V3
  Subject: CN=msedgewin10, O=Experian, OU=Experian, L=CABA, ST=CABA, C=AR
  Signature Algorithm: SHA256withRSA, OID = 1.2.840.113549.1.1.11

  Key:  Sun RSA public key, 2048 bits
  modulus: 25548850749590176989363226534286320727561319246561017510127334120983434881019452458825328492148326127674358212785270983006500932445839396159663753787578294413695225200668628565149034729020454757382389196757613445950889032731757528418028023642846245382592878197306831915639253498377411108487583336730751713248480977942734436002581113357826078016628769376534270531515127849469766525297873252078113761540986063783399440184005864596802159793382314429603580252510894123341133579496012907555190879618000018756655597973254129835113768954725001462658081973015378602177846688630194288017908185183872781643882465816311042814659
  public exponent: 65537
  Validity: [From: Wed Apr 29 18:19:00 ART 2020,
               To: Thu Apr 29 18:19:00 ART 2021]
  Issuer: CN=msedgewin10, O=Experian, OU=Experian, L=CABA, ST=CABA, C=AR
  SerialNumber: [    5829e513]

]
  Algorithm: [SHA256withRSA]
  Signature:
0000: 86 0A 08 23 64 33 4A E1   14 57 3C C4 E0 9B A4 B3  ...#d3J..W<.....
0010: 8F 3D 56 E2 76 DD 59 96   15 93 4B 86 69 42 BE 7E  .=V.v.Y...K.iB..
0020: 89 1A 0E 8A 34 4D FF 69   F3 84 32 4F 13 11 75 33  ....4M.i..2O..u3
0030: 5B 97 C2 87 33 80 CF 1A   15 0B DD 94 61 A2 6E D6  [...3.......a.n.
0040: FA EA A8 A3 A4 4C 9C 67   73 48 00 04 E3 9C 44 36  .....L.gsH....D6
0050: 59 2A FE EC EF BA C1 CE   EB DE 9D 44 49 11 D8 70  Y*.........DI..p
0060: D0 72 5E B3 4C 9E A8 D4   4C 4C 4D 44 08 E1 B9 32  .r^.L...LLMD...2
0070: 26 EE 2E 80 C1 91 90 0F   66 D1 3E 44 ED B4 96 33  &.......f.>D...3
0080: CF 32 CD 77 26 22 85 FD   52 9B 7E 49 2B 61 4D 10  .2.w&"..R..I+aM.
0090: 37 A1 8C E7 DF D8 7E 9C   ED 2E B2 51 73 F7 24 C8  7..........Qs.$.
00A0: BD 94 3A EE 3F 9C EE 97   4F B1 1F 5C 3F 71 1B 6C  ..:.?...O..\?q.l
00B0: A7 D4 95 CA 59 1A 42 3E   12 8A 34 84 D8 9D B5 6E  ....Y.B>..4....n
00C0: 41 E7 D4 38 AB C3 83 5A   FD 96 CF 74 D7 99 CD F7  A..8...Z...t....
00D0: 5F 01 0C B9 4A 6A 3C A6   AF 09 84 4B 9F C2 E5 13  _...Jj<....K....
00E0: 21 FC E0 C5 EA 48 B6 DA   B8 CE 2C FA B6 A9 BF D4  !....H....,.....
00F0: E2 DC 23 F3 69 E9 41 2A   6A 66 28 A6 53 84 5A 91  ..#.i.A*jf(.S.Z.

]
[OK]
[main] INFO  com.experian.CertAutoSIgn  - Carga system.properties [OK]
[main] INFO  com.experian.StrongBox  - Keystore cargado [OK]
[main] INFO  com.experian.StrongBox  - El numero de alias es : 1
[main] INFO  com.experian.StrongBox  - Nombre alias: das-jsf-tls-20190222154823
[main] INFO  com.experian.StrongBox  - [Borrado exitoso] das-jsf-tls-20190222154823
[main] INFO  com.experian.StrongBox  - Recuperar entrada Keystore Private key entry and certificate chain with 1 elements:
[
[
  Version: V3
  Subject: CN=msedgewin10, O=Experian, OU=Experian, L=CABA, ST=CABA, C=AR
  Signature Algorithm: SHA256withRSA, OID = 1.2.840.113549.1.1.11

  Key:  Sun RSA public key, 2048 bits
  modulus: 21325676749324743897084936925058118937688897312403096347443805220904528506672408886841584975721235616819425261266074086718693632232477822967252430220981340349446144920236746685604292731143448358891943004834766531754855820653903268719461406436008678935064102153905137944525322021443414398499382661121352570510951940438746109985406491697501626800699843773873221396303750124260102085581968259637969316902925432159800381889198146704624494961440874526373169501890759969083261462066776246118921199700104909699311051456417911929154007532176913604879334828647093742545516411332810028856865008458525261606802334210018846947639
  public exponent: 65537
  Validity: [From: Wed Apr 29 18:26:45 ART 2020,
               To: Thu Apr 29 18:26:45 ART 2021]
  Issuer: CN=msedgewin10, O=Experian, OU=Experian, L=CABA, ST=CABA, C=AR
  SerialNumber: [    6302fc4d]

]
  Algorithm: [SHA256withRSA]
  Signature:
0000: 51 C8 F0 91 4B 12 EC 23   CB BF 90 BD B0 20 95 B4  Q...K..#..... ..
0010: 9D 87 D6 CD B3 25 05 44   E0 AF 8C 9B F1 AF 65 EB  .....%.D......e.
0020: CB CC A0 E9 6B 5D 1D B2   2A E3 23 13 58 FE BE 3D  ....k]..*.#.X..=
0030: 01 6B FF C4 37 C4 88 D1   BA 55 6D CF 9D 4E EA DE  .k..7....Um..N..
0040: D6 FD 96 D1 4A 17 E1 4D   17 3B C4 2E A3 F0 B0 3C  ....J..M.;.....<
0050: 72 56 B9 5B DE 5E B7 1D   80 5D F6 A9 FF E3 56 91  rV.[.^...]....V.
0060: B8 6A 5A 38 59 6A D2 7B   E2 2D 0C 47 1C 45 41 AD  .jZ8Yj...-.G.EA.
0070: C8 5F B8 28 5B C7 B8 45   3D 86 8D 3D E5 34 08 DC  ._.([..E=..=.4..
0080: 00 85 1B 00 E0 F9 00 50   F1 53 F5 94 EF EE 5E E5  .......P.S....^.
0090: AD 8E F7 59 BB 29 49 04   2D 98 02 29 F6 19 7F B1  ...Y.)I.-..)....
00A0: CD 8F EB 39 2E A3 25 F5   F3 58 1F 59 4F C6 C8 69  ...9..%..X.YO..i
00B0: 6C 49 43 5D 0F D0 BB 14   13 66 6B A9 AB 3F D0 5B  lIC].....fk..?.[
00C0: 87 AC AF E6 07 40 FB 8D   59 96 D2 CA 93 94 B9 F9  .....@..Y.......
00D0: F9 02 0B 35 83 55 54 BB   C2 2B BB 30 09 CE 08 17  ...5.UT..+.0....
00E0: 4C 11 26 89 05 34 A6 EB   AB 15 95 F6 C3 D0 38 58  L.&..4........8X
00F0: 0F 31 55 2D D5 39 F0 84   B0 28 0D 1F 74 BA 75 5B  .1U-.9...(..t.u[

]
 [OK]
[main] INFO  com.experian.StrongBox  - Cargar das-jsf-tls-20190222154823Private key entry and certificate chain with 1 elements:
[
[
  Version: V3
  Subject: CN=msedgewin10, O=Experian, OU=Experian, L=CABA, ST=CABA, C=AR
  Signature Algorithm: SHA256withRSA, OID = 1.2.840.113549.1.1.11

  Key:  Sun RSA public key, 2048 bits
  modulus: 21325676749324743897084936925058118937688897312403096347443805220904528506672408886841584975721235616819425261266074086718693632232477822967252430220981340349446144920236746685604292731143448358891943004834766531754855820653903268719461406436008678935064102153905137944525322021443414398499382661121352570510951940438746109985406491697501626800699843773873221396303750124260102085581968259637969316902925432159800381889198146704624494961440874526373169501890759969083261462066776246118921199700104909699311051456417911929154007532176913604879334828647093742545516411332810028856865008458525261606802334210018846947639
  public exponent: 65537
  Validity: [From: Wed Apr 29 18:26:45 ART 2020,
               To: Thu Apr 29 18:26:45 ART 2021]
  Issuer: CN=msedgewin10, O=Experian, OU=Experian, L=CABA, ST=CABA, C=AR
  SerialNumber: [    6302fc4d]

]
  Algorithm: [SHA256withRSA]
  Signature:
0000: 51 C8 F0 91 4B 12 EC 23   CB BF 90 BD B0 20 95 B4  Q...K..#..... ..
0010: 9D 87 D6 CD B3 25 05 44   E0 AF 8C 9B F1 AF 65 EB  .....%.D......e.
0020: CB CC A0 E9 6B 5D 1D B2   2A E3 23 13 58 FE BE 3D  ....k]..*.#.X..=
0030: 01 6B FF C4 37 C4 88 D1   BA 55 6D CF 9D 4E EA DE  .k..7....Um..N..
0040: D6 FD 96 D1 4A 17 E1 4D   17 3B C4 2E A3 F0 B0 3C  ....J..M.;.....<
0050: 72 56 B9 5B DE 5E B7 1D   80 5D F6 A9 FF E3 56 91  rV.[.^...]....V.
0060: B8 6A 5A 38 59 6A D2 7B   E2 2D 0C 47 1C 45 41 AD  .jZ8Yj...-.G.EA.
0070: C8 5F B8 28 5B C7 B8 45   3D 86 8D 3D E5 34 08 DC  ._.([..E=..=.4..
0080: 00 85 1B 00 E0 F9 00 50   F1 53 F5 94 EF EE 5E E5  .......P.S....^.
0090: AD 8E F7 59 BB 29 49 04   2D 98 02 29 F6 19 7F B1  ...Y.)I.-..)....
00A0: CD 8F EB 39 2E A3 25 F5   F3 58 1F 59 4F C6 C8 69  ...9..%..X.YO..i
00B0: 6C 49 43 5D 0F D0 BB 14   13 66 6B A9 AB 3F D0 5B  lIC].....fk..?.[
00C0: 87 AC AF E6 07 40 FB 8D   59 96 D2 CA 93 94 B9 F9  .....@..Y.......
00D0: F9 02 0B 35 83 55 54 BB   C2 2B BB 30 09 CE 08 17  ...5.UT..+.0....
00E0: 4C 11 26 89 05 34 A6 EB   AB 15 95 F6 C3 D0 38 58  L.&..4........8X
00F0: 0F 31 55 2D D5 39 F0 84   B0 28 0D 1F 74 BA 75 5B  .1U-.9...(..t.u[

]
[OK]
