[main] INFO  com.experian.CertAutoSIgn  - Carga system.properties [OK]
[main] INFO  com.experian.Certificado  - llave publica: Sun RSA public key, 2048 bits
  modulus: 21332130269042876618118716688005573385356740489734655442035049164381579709651059249374044937058937446147058076518543411127675953938304657105843047408219599547099071223517978013071492623521678691160185110859571069678799855927112700149396093163583956887284987264657172420990983828846115945751165646524141199486489917541908167612993003197347639169228291945471290681914317437962564086688860018165952427531232359110595616632302033825841889152817585744472027019834052822585390004074513513655129281235310852022929324746910581091393969119552358690930435726932717955247129842717980557547208795853422655652529670482362895453023
  public exponent: 65537
[main] INFO  com.experian.Certificado  - llave privada: sun.security.rsa.RSAPrivateCrtKeyImpl@ffe00536
[main] INFO  com.experian.Certificado  - creacion certificado X509 [OK]
[main] INFO  com.experian.Certificado  - keystore [CREADO]
[main] INFO  com.experian.CertAutoSIgn  - Carga system.properties [OK]
[main] INFO  com.experian.Certificado  - llave publica: Sun RSA public key, 2048 bits
  modulus: 31402557295655024126769861288633580696886147057389685671708459996262252933822826076816231598113210421688045355708294361667990565515892355287031367471399273800200143561075048701063244733799903185248673866552648703048750582836566410544277135234422475303884126997535813628625837516505908832564725452596103927924071951721143090845653712284463869604690288625852750699865795907578438245127626043226024521842040110200769090161081713094130676407283063884533800919494895069839052249888011410920561708329307823520704830439501889876299299457206991498095261330129049348881968677817524005463152249823388682285070612423869253888189
  public exponent: 65537
[main] INFO  com.experian.Certificado  - llave privada: sun.security.rsa.RSAPrivateCrtKeyImpl@79eb6
[main] INFO  com.experian.Certificado  - creacion certificado X509 [OK]
[main] INFO  com.experian.Certificado  - keystore [CREADO]
[main] INFO  com.experian.Certificado  - llave publica: Sun RSA public key, 2048 bits
  modulus: 24942682452241315979876068009184666284866464048907254713743997301919113597529559772575742347218934861751369912057465520412942674028893804323652288303521553796428703930393736116168393795017234312319723144877208707125745403418388085735506471321443009185393071923033713709604834129578880593093292883793457770470275179287936049184125025861150168107000350420259955353731488508626257535708589632153059660147895146497208407786175734024596550149539055988297673208576077231827100238892091691476786218584796142661456190706985232831587629205874018714300673536027952082952953488052257387067550270027528302524903443457134361354061
  public exponent: 65537
[main] INFO  com.experian.Certificado  - llave privada: sun.security.rsa.RSAPrivateCrtKeyImpl@ffd065ff
[main] INFO  com.experian.Certificado  - creacion certificado X509 [OK]
[main] INFO  com.experian.Certificado  - nuevo certificado creado en path [ok]
[main] INFO  com.experian.CertAutoSIgn  - Carga system.properties [OK]
[main] INFO  com.experian.Certificado  - llave publica: Sun RSA public key, 2048 bits
  modulus: 18183727756637250760514612781411182257258506131635483058360156226757211322417920526366480135137691104566407622486626255170382084504714116726702659199696734794284439845865501794699200665558338504498338314470340751006324033557705758613187252597756072867416043369966819416944897051870820845125921932052918670518747750586188569417838383033848057151802191655119793276272396735873146194955491963559344169764602074759205101331342612432190000157329120876924451406564360435670848895287521489156320790069816010098636304171009132016256497661027509749756768601936085509299820581285836211571045869794208131557994765009321426237317
  public exponent: 65537
[main] INFO  com.experian.Certificado  - llave privada: sun.security.rsa.RSAPrivateCrtKeyImpl@ffd14ff1
[main] INFO  com.experian.Certificado  - creacion certificado X509 [OK]
[main] INFO  com.experian.Certificado  - keystore [CREADO]
[main] INFO  com.experian.Certificado  - llave publica: Sun RSA public key, 2048 bits
  modulus: 22357380639541269578815108455797756169111094501391134044730926474744605728391319057088994141413642404922036338376764865282605563137344255998359323003524503167377354699901698901892955518858020500687679263304901843731656314554409388003802689157272544559249575093234568585220350861046179165219306796501428001453395764780498907517396269729382156502893343417578439866000076594632437447348146612450193677876124492012251675618479706548260434583808046977768537186899835480634526504826191361251872778553686250842975712731160689310487779442684922387128252302599496227425390353313947913133461097422027858691596390022744044680009
  public exponent: 65537
[main] INFO  com.experian.Certificado  - llave privada: sun.security.rsa.RSAPrivateCrtKeyImpl@1021c3
[main] INFO  com.experian.Certificado  - creacion certificado X509 [OK]
[main] INFO  com.experian.Certificado  - nuevo certificado creado en path [ok]
[main] INFO  com.experian.CertAutoSIgn  - Carga system.properties [OK]
[main] INFO  com.experian.Certificado  - llave publica: Sun RSA public key, 2048 bits
  modulus: 17284143348868106405697360651449058250739576479346342246065955340341262410463717371357653370139455156811521679780630717217558430093511770197018328504959762745177361749584460111532701994936375600683768967392833402340783830266626366848704796747166481955410457393757908130678677377085697905128798697180292564562773664261930991763239520445364130387110157494950429981364684208821337492364461073588017759045460086461462940596288644038786516690533650509102536622640107217176810277797733991128216930037035025507137561484370701247684107755837365219362658709110558082058279758404202850165439748899195839990734603443009142126281
  public exponent: 65537
[main] INFO  com.experian.Certificado  - llave privada: sun.security.rsa.RSAPrivateCrtKeyImpl@988f4
[main] INFO  com.experian.Certificado  - creacion certificado X509 [OK]
[main] INFO  com.experian.Certificado  - keystore [CREADO]
[main] INFO  com.experian.Certificado  - llave publica: Sun RSA public key, 2048 bits
  modulus: 23395536317721990805403309364136608706126276819462787165914117979802942428770249306360109977733421516279473640014427200369701816752357386208677576320949040835250013381923986089340552281346183431198229703228193754458539918425866937446755068400461555215752580554130294472069469054075033772067048368466098535245516742118716369027707470489382174887810912632593697408126763262102632536041158807562832841228695501935568310739796391729877526391734355903741874834780714645777849356306255343426385395239822081814299918287781183848017852613064493655378553401638944398331528353035989153797117826977098972739389488729090217695359
  public exponent: 65537
[main] INFO  com.experian.Certificado  - llave privada: sun.security.rsa.RSAPrivateCrtKeyImpl@2478f
[main] INFO  com.experian.Certificado  - creacion certificado X509 [OK]
[main] INFO  com.experian.Certificado  - nuevo certificado creado en path [ok]
[main] INFO  com.experian.CertAutoSIgn  - Carga system.properties [OK]
[main] INFO  com.experian.Certificado  - llave publica: Sun RSA public key, 2048 bits
  modulus: 19790861217632955455661338169337027469148424966014945492396214630953337161875471649267016922396523243392880877830536721691850075668027794915020120935185285967567393383212298226790211321552947674270917958900150733172561625993797781875130233412691987129535594699790466295822825745990707882317767359778484939296374435655517087080307831736558407870229223277139066735688893991992726728822436797827948962771730455725717049827851798983082008346887296063060743280723011660493031841430088727783797993271991092196357310849637362947295330495068311332441422309614032015306769984451577011472414865957120316045221548188964545167229
  public exponent: 65537
[main] INFO  com.experian.Certificado  - llave privada: sun.security.rsa.RSAPrivateCrtKeyImpl@ffebc529
[main] INFO  com.experian.Certificado  - creacion certificado X509 [OK]
[main] INFO  com.experian.Certificado  - keystore [CREADO]
[main] INFO  com.experian.Certificado  - llave publica: Sun RSA public key, 2048 bits
  modulus: 16605392296241886892380321029002547751125178725271315056495415386630911413042744743180566396513297209867126919605505272113223521222020808367267993706828389178730495091836288092227616048609710835633511974011847495717283940879876019692226066201093087754698709787094314381783092811312909691839811798238880157910954108655799998513496146335404321467661941586623131938352643334168910666084068558761448596754031536067132805341365702284288896666034385805667082938922041992358181221961510990974999117979310302293717009215275661606103421937178121549074892631010465667228986395701883344765478456383720829983439592534885267744503
  public exponent: 65537
[main] INFO  com.experian.Certificado  - llave privada: sun.security.rsa.RSAPrivateCrtKeyImpl@12380
[main] INFO  com.experian.Certificado  - creacion certificado X509 [OK]
[main] INFO  com.experian.Certificado  - nuevo certificado creado en path [ok]
